TN:
SF:index.js
FN:9,(anonymous_0)
FNF:1
FNH:1
FNDA:9,(anonymous_0)
DA:3,9
DA:4,9
DA:5,9
DA:6,9
DA:7,9
DA:9,9
DA:10,9
DA:21,9
DA:22,9
DA:23,9
DA:25,9
DA:26,9
DA:28,9
DA:30,9
DA:31,0
DA:34,9
DA:35,9
DA:37,9
LF:18
LH:17
BRDA:30,0,0,0
BRDA:30,0,1,9
BRF:2
BRH:1
end_of_record
TN:
SF:lib/agent.js
FN:3,setupAgent
FN:4,findById
FN:7,createOrUpdate
FN:23,findByUuid
FN:31,findAll
FN:35,findConnected
FN:43,findByUsername
FNF:7
FNH:7
FNDA:9,setupAgent
FNDA:1,findById
FNDA:2,createOrUpdate
FNDA:1,findByUuid
FNDA:1,findAll
FNDA:1,findConnected
FNDA:1,findByUsername
DA:3,1
DA:5,1
DA:8,2
DA:13,2
DA:14,2
DA:15,1
DA:16,1
DA:19,1
DA:20,1
DA:24,1
DA:32,1
DA:36,1
DA:44,1
DA:51,9
LF:14
LH:14
BRDA:14,0,0,1
BRDA:14,0,1,1
BRDA:16,1,0,1
BRDA:16,1,1,0
BRF:4
BRH:3
end_of_record
TN:
SF:lib/db.js
FN:6,setUpDatabase
FNF:1
FNH:1
FNDA:9,setUpDatabase
DA:3,1
DA:4,1
DA:6,1
DA:7,9
DA:8,1
DA:10,9
LF:6
LH:6
BRDA:7,0,0,1
BRDA:7,0,1,8
BRF:2
BRH:2
end_of_record
TN:
SF:models/agents.js
FN:6,setUpAgentModel
FNF:1
FNH:0
FNDA:0,setUpAgentModel
DA:3,1
DA:4,1
DA:6,1
DA:7,0
DA:9,0
LF:5
LH:3
BRF:0
BRH:0
end_of_record
TN:
SF:models/metric.js
FN:6,setUpMetricModel
FNF:1
FNH:0
FNDA:0,setUpMetricModel
DA:3,1
DA:4,1
DA:6,1
DA:7,0
DA:9,0
LF:5
LH:3
BRF:0
BRH:0
end_of_record
